Arguments: 
  C:\Program Files\nodejs\node.exe C:\Users\Alehals\AppData\Roaming\npm\node_modules\yarn\bin\yarn.js init foods

PATH: 
  C:\Windows\system32;C:\Windows;C:\Windows\System32\Wbem;C:\Windows\System32\WindowsPowerShell\v1.0\;C:\Program Files\nodejs\;C:\Users\Alehals\AppData\Local\Android\Sdk;C:\Users\Alehals\AppData\Local\Android\Sdk\platform-tools;C:\Users\hp\AppData\Local\Android\Sdk\platform-tools;C:\Program Files\MongoDB\Server\4.2\bin;C:\Users\Alehals\AppData\Local\Microsoft\WindowsApps;C:\Users\Alehals\AppData\Local\Programs\Microsoft VS Code Insiders\bin;C:\Users\Alehals\AppData\Roaming\npm;C:\Users\Alehals\AppData\Local\GitHubDesktop\bin

Yarn version: 
  1.22.4

Node version: 
  12.18.2

Platform: 
  win32 x64

Trace: 
  Error: canceled
      at Interface.<anonymous> (C:\Users\Alehals\AppData\Roaming\npm\node_modules\yarn\lib\cli.js:137008:13)
      at Interface.emit (events.js:315:20)
      at Interface._ttyWrite (readline.js:866:16)
      at ReadStream.onkeypress (readline.js:205:10)
      at ReadStream.emit (events.js:315:20)
      at emitKeys (internal/readline/utils.js:335:14)
      at emitKeys.next (<anonymous>)
      at ReadStream.onData (readline.js:1133:36)
      at ReadStream.emit (events.js:315:20)
      at addChunk (_stream_readable.js:295:12)

npm manifest: 
  No manifest

yarn manifest: 
  No manifest

Lockfile: 
  No lockfile
